  SaperSfml.cpp
C:\Users\BEBERISHKA\Documents\GitHub\SapperCPlusPlus\SaperSfml\SaperSfml.cpp(94,61): warning C4244: аргумент: преобразование "int" в "T", возможна потеря данных
C:\Users\BEBERISHKA\Documents\GitHub\SapperCPlusPlus\SaperSfml\SaperSfml.cpp(94,61): warning C4244:         with
C:\Users\BEBERISHKA\Documents\GitHub\SapperCPlusPlus\SaperSfml\SaperSfml.cpp(94,61): warning C4244:         [
C:\Users\BEBERISHKA\Documents\GitHub\SapperCPlusPlus\SaperSfml\SaperSfml.cpp(94,61): warning C4244:             T=float
C:\Users\BEBERISHKA\Documents\GitHub\SapperCPlusPlus\SaperSfml\SaperSfml.cpp(94,61): warning C4244:         ]
C:\Users\BEBERISHKA\Documents\GitHub\SapperCPlusPlus\SaperSfml\SaperSfml.cpp(94,51): warning C4244: аргумент: преобразование "int" в "T", возможна потеря данных
C:\Users\BEBERISHKA\Documents\GitHub\SapperCPlusPlus\SaperSfml\SaperSfml.cpp(94,51): warning C4244:         with
C:\Users\BEBERISHKA\Documents\GitHub\SapperCPlusPlus\SaperSfml\SaperSfml.cpp(94,51): warning C4244:         [
C:\Users\BEBERISHKA\Documents\GitHub\SapperCPlusPlus\SaperSfml\SaperSfml.cpp(94,51): warning C4244:             T=float
C:\Users\BEBERISHKA\Documents\GitHub\SapperCPlusPlus\SaperSfml\SaperSfml.cpp(94,51): warning C4244:         ]
C:\Users\BEBERISHKA\Documents\GitHub\SapperCPlusPlus\SaperSfml\SaperSfml.cpp(100,25): warning C4244: инициализация: преобразование "double" в "float", возможна потеря данных
C:\Users\BEBERISHKA\Documents\GitHub\SapperCPlusPlus\SaperSfml\SaperSfml.cpp(101,25): warning C4244: инициализация: преобразование "double" в "float", возможна потеря данных
C:\Users\BEBERISHKA\Documents\GitHub\SapperCPlusPlus\SaperSfml\SaperSfml.cpp(348,38): warning C4244: аргумент: преобразование "int" в "T", возможна потеря данных
C:\Users\BEBERISHKA\Documents\GitHub\SapperCPlusPlus\SaperSfml\SaperSfml.cpp(348,38): warning C4244:         with
C:\Users\BEBERISHKA\Documents\GitHub\SapperCPlusPlus\SaperSfml\SaperSfml.cpp(348,38): warning C4244:         [
C:\Users\BEBERISHKA\Documents\GitHub\SapperCPlusPlus\SaperSfml\SaperSfml.cpp(348,38): warning C4244:             T=float
C:\Users\BEBERISHKA\Documents\GitHub\SapperCPlusPlus\SaperSfml\SaperSfml.cpp(348,38): warning C4244:         ]
C:\Users\BEBERISHKA\Documents\GitHub\SapperCPlusPlus\SaperSfml\SaperSfml.cpp(347,41): warning C4244: аргумент: преобразование "int" в "T", возможна потеря данных
C:\Users\BEBERISHKA\Documents\GitHub\SapperCPlusPlus\SaperSfml\SaperSfml.cpp(347,41): warning C4244:         with
C:\Users\BEBERISHKA\Documents\GitHub\SapperCPlusPlus\SaperSfml\SaperSfml.cpp(347,41): warning C4244:         [
C:\Users\BEBERISHKA\Documents\GitHub\SapperCPlusPlus\SaperSfml\SaperSfml.cpp(347,41): warning C4244:             T=float
C:\Users\BEBERISHKA\Documents\GitHub\SapperCPlusPlus\SaperSfml\SaperSfml.cpp(347,41): warning C4244:         ]
  SaperSfml.vcxproj -> C:\Users\BEBERISHKA\Documents\GitHub\SapperCPlusPlus\x64\Debug\SaperSfml.exe
